<?xml version="1.0" encoding="UTF-8"?>
<!-- Generated by org.testng.reporters.JUnitReportReporter -->
<testsuite skipped="0" hostname="IBM390-PC07ZELM" name="com.training.sanity.tests.AddNewFeatureTC2" tests="1" failures="0" timestamp="21 Jan 2019 20:32:55 GMT" time="78.467" errors="0">
  <testcase name="ClicknAddNewProperty" time="78.467" classname="com.training.sanity.tests.AddNewFeatureTC2"/>
</testsuite> <!-- com.training.sanity.tests.AddNewFeatureTC2 -->
