<?xml version="1.0" encoding="UTF-8"?>
<!-- Generated by org.testng.reporters.JUnitReportReporter -->
<testsuite skipped="0" hostname="IBM390-PC07ZELM" name="com.training.sanity.tests.AddNewRegionTC3" tests="1" failures="0" timestamp="21 Jan 2019 12:04:07 GMT" time="116.860" errors="0">
  <testcase name="ClicknAddNewProperty" time="116.860" classname="com.training.sanity.tests.AddNewRegionTC3"/>
</testsuite> <!-- com.training.sanity.tests.AddNewRegionTC3 -->
