<?xml version="1.0" encoding="UTF-8"?>
<!-- Generated by org.testng.reporters.JUnitReportReporter -->
<testsuite skipped="0" hostname="IBM390-PC07ZELM" name="com.training.sanity.tests.PropertyIntoTrashTC5" tests="1" failures="0" timestamp="21 Jan 2019 20:57:06 GMT" time="59.824" errors="0">
  <testcase name="ClicknAddNewProperty" time="59.824" classname="com.training.sanity.tests.PropertyIntoTrashTC5"/>
</testsuite> <!-- com.training.sanity.tests.PropertyIntoTrashTC5 -->
