<?xml version="1.0" encoding="UTF-8"?>
<!-- Generated by org.testng.reporters.JUnitReportReporter -->
<testsuite skipped="0" hostname="IBM390-PC07ZELM" name="com.training.sanity.tests.CreatePropertyTC1" tests="1" failures="0" timestamp="16 Jan 2019 19:11:23 GMT" time="54.130" errors="0">
  <testcase name="ClicknAddNewProperty" time="54.130" classname="com.training.sanity.tests.CreatePropertyTC1"/>
</testsuite> <!-- com.training.sanity.tests.CreatePropertyTC1 -->
